2025-11-26 03:41:50,095 - __main__ - INFO - ============================================================
2025-11-26 03:41:50,095 - __main__ - INFO - STEP 1: LOADING AND VALIDATING DATA
2025-11-26 03:41:50,095 - __main__ - INFO - ============================================================
2025-11-26 03:41:50,120 - __main__ - INFO - ✓ Loaded 17070 records from processed_microgrid_data.csv
2025-11-26 03:41:50,120 - __main__ - INFO -   Date range: 2006-12-16 18:00:00 to 2008-11-26 23:00:00
2025-11-26 03:41:50,122 - __main__ - INFO -   demand_kwh: 585 outliers (3.43%)
2025-11-26 03:41:50,123 - __main__ - INFO -   generation_kwh: 8460 outliers (49.56%)
2025-11-26 03:41:50,123 - __main__ - WARNING -   ⚠️ High outlier percentage in generation_kwh
2025-11-26 03:41:50,123 - __main__ - INFO - 
STEP 2: FEATURE ENGINEERING
2025-11-26 03:41:50,123 - __main__ - INFO - ------------------------------------------------------------
2025-11-26 03:41:50,126 - __main__ - INFO - ✓ Created temporal features
2025-11-26 03:41:50,132 - __main__ - INFO - ✓ Created demand lag and rolling features
2025-11-26 03:41:50,135 - __main__ - INFO - ✓ Created solar lag features
2025-11-26 03:41:50,139 - __main__ - INFO - ✓ Created interaction features
2025-11-26 03:41:50,140 - __main__ - INFO - ✓ Dropped 168 rows with NaN from feature engineering
2025-11-26 03:41:50,141 - __main__ - INFO - ✓ No temporal overlap: Train ends 2008-07-09 02:00:00, Test starts 2008-07-09 03:00:00
2025-11-26 03:41:50,141 - __main__ - INFO - 
✓ Train: 13521 samples (2006-12-23 18:00:00 to 2008-07-09 02:00:00)
2025-11-26 03:41:50,141 - __main__ - INFO - ✓ Test:  3381 samples (2008-07-09 03:00:00 to 2008-11-26 23:00:00)
2025-11-26 03:41:50,141 - __main__ - INFO - 
============================================================
2025-11-26 03:41:50,141 - __main__ - INFO - TRAINING DEMAND MODEL
2025-11-26 03:41:50,141 - __main__ - INFO - ============================================================
2025-11-26 03:41:50,142 - __main__ - INFO - 
📋 Feature Set (19 features):
2025-11-26 03:41:50,142 - __main__ - INFO -    1. hour
2025-11-26 03:41:50,142 - __main__ - INFO -    2. dayofweek
2025-11-26 03:41:50,142 - __main__ - INFO -    3. is_weekend
2025-11-26 03:41:50,142 - __main__ - INFO -    4. month
2025-11-26 03:41:50,142 - __main__ - INFO -    5. hour_sin
2025-11-26 03:41:50,142 - __main__ - INFO -    6. hour_cos
2025-11-26 03:41:50,142 - __main__ - INFO -    7. is_night
2025-11-26 03:41:50,142 - __main__ - INFO -    8. demand_kwh_lag_1
2025-11-26 03:41:50,143 - __main__ - INFO -    9. demand_kwh_lag_2
2025-11-26 03:41:50,143 - __main__ - INFO -    10. demand_kwh_lag_24
2025-11-26 03:41:50,143 - __main__ - INFO -    11. demand_kwh_lag_168
2025-11-26 03:41:50,143 - __main__ - INFO -    12. demand_kwh_roll_mean_12h
2025-11-26 03:41:50,143 - __main__ - INFO -    13. demand_kwh_roll_std_12h
2025-11-26 03:41:50,143 - __main__ - INFO -    14. demand_kwh_roll_mean_24h
2025-11-26 03:41:50,143 - __main__ - INFO -    15. demand_kwh_roll_std_24h
2025-11-26 03:41:50,143 - __main__ - INFO -    16. demand_kwh_roll_mean_168h
2025-11-26 03:41:50,143 - __main__ - INFO -    17. demand_kwh_roll_std_168h
2025-11-26 03:41:50,143 - __main__ - INFO -    18. temperature
2025-11-26 03:41:50,143 - __main__ - INFO -    19. temp_hour_interaction
2025-11-26 03:41:50,143 - __main__ - INFO - 
  🔍 Tuning hyperparameters for DEMAND...
2025-11-26 03:41:57,257 - __main__ - INFO -   ✓ Best CV MAE: 0.4695
2025-11-26 03:41:57,258 - __main__ - INFO -   ✓ Best params: {'subsample': 1.0, 'n_estimators': 1000, 'min_child_weight': 1, 'max_depth': 6, 'learning_rate': 0.03, 'gamma': 0.2, 'colsample_bytree': 0.8}
2025-11-26 03:41:57,258 - __main__ - INFO - 
============================================================
2025-11-26 03:41:57,258 - __main__ - INFO - EVALUATION: DEMAND MODEL
2025-11-26 03:41:57,258 - __main__ - INFO - ============================================================
2025-11-26 03:41:57,331 - __main__ - INFO - 
📊 Training Set:
2025-11-26 03:41:57,332 - __main__ - INFO -    MAE:  0.3324 kWh
2025-11-26 03:41:57,332 - __main__ - INFO -    RMSE: 0.4754 kWh
2025-11-26 03:41:57,332 - __main__ - INFO - 
📊 Test Set:
2025-11-26 03:41:57,332 - __main__ - INFO -    MAE:  0.3399 kWh
2025-11-26 03:41:57,332 - __main__ - INFO -    RMSE: 0.5227 kWh
2025-11-26 03:41:57,332 - __main__ - INFO -    MAPE: 40.29%
2025-11-26 03:41:57,332 - __main__ - INFO - 
📈 Baseline Comparison:
2025-11-26 03:41:57,332 - __main__ - INFO -    Naive forecast MAE:    0.7758
2025-11-26 03:41:57,332 - __main__ - INFO -    Seasonal avg MAE:      0.7604
2025-11-26 03:41:57,332 - __main__ - INFO - 
✨ Model Improvement:
2025-11-26 03:41:57,332 - __main__ - INFO -    vs Naive:    +56.2%
2025-11-26 03:41:57,332 - __main__ - INFO -    vs Seasonal: +55.3%
2025-11-26 03:41:58,196 - __main__ - INFO -   ✓ Forecast visualization saved to forecast_demand.png
2025-11-26 03:41:58,751 - __main__ - INFO -   ✓ Feature importance saved to importance_demand.png
2025-11-26 03:41:58,751 - __main__ - INFO - 
  Top 5 Features for Demand:
2025-11-26 03:41:58,751 - __main__ - INFO -     1. demand_kwh_lag_1: 0.3639
2025-11-26 03:41:58,751 - __main__ - INFO -     2. hour_cos: 0.0699
2025-11-26 03:41:58,751 - __main__ - INFO -     3. hour: 0.0660
2025-11-26 03:41:58,751 - __main__ - INFO -     4. is_night: 0.0595
2025-11-26 03:41:58,751 - __main__ - INFO -     5. demand_kwh_lag_2: 0.0565
2025-11-26 03:41:58,751 - __main__ - INFO - 
============================================================
2025-11-26 03:41:58,751 - __main__ - INFO - TRAINING SOLAR MODEL
2025-11-26 03:41:58,751 - __main__ - INFO - ============================================================
2025-11-26 03:41:58,752 - __main__ - INFO - 
📋 Feature Set (9 features):
2025-11-26 03:41:58,752 - __main__ - INFO -    1. hour
2025-11-26 03:41:58,752 - __main__ - INFO -    2. month
2025-11-26 03:41:58,752 - __main__ - INFO -    3. hour_sin
2025-11-26 03:41:58,752 - __main__ - INFO -    4. hour_cos
2025-11-26 03:41:58,753 - __main__ - INFO -    5. is_night
2025-11-26 03:41:58,753 - __main__ - INFO -    6. generation_kwh_lag_1
2025-11-26 03:41:58,753 - __main__ - INFO -    7. irradiance
2025-11-26 03:41:58,753 - __main__ - INFO -    8. cloud_cover
2025-11-26 03:41:58,753 - __main__ - INFO -    9. temperature
2025-11-26 03:41:58,753 - __main__ - INFO - 
  🔍 Tuning hyperparameters for SOLAR...
2025-11-26 03:42:00,833 - __main__ - INFO -   ✓ Best CV MAE: 0.0040
2025-11-26 03:42:00,833 - __main__ - INFO -   ✓ Best params: {'subsample': 0.8, 'n_estimators': 1500, 'min_child_weight': 3, 'max_depth': 3, 'learning_rate': 0.05, 'gamma': 0, 'colsample_bytree': 0.9}
2025-11-26 03:42:00,833 - __main__ - INFO - 
============================================================
2025-11-26 03:42:00,834 - __main__ - INFO - EVALUATION: SOLAR MODEL
2025-11-26 03:42:00,834 - __main__ - INFO - ============================================================
2025-11-26 03:42:00,892 - __main__ - INFO - 
📊 Training Set:
2025-11-26 03:42:00,892 - __main__ - INFO -    MAE:  0.0023 kWh
2025-11-26 03:42:00,892 - __main__ - INFO -    RMSE: 0.0039 kWh
2025-11-26 03:42:00,893 - __main__ - INFO - 
📊 Test Set:
2025-11-26 03:42:00,893 - __main__ - INFO -    MAE:  0.0028 kWh
2025-11-26 03:42:00,893 - __main__ - INFO -    RMSE: 0.0051 kWh
2025-11-26 03:42:00,893 - __main__ - INFO -    MAPE: 106602402.25%
2025-11-26 03:42:00,893 - __main__ - INFO - 
📈 Baseline Comparison:
2025-11-26 03:42:00,895 - __main__ - INFO -    Naive forecast MAE:    0.8642
2025-11-26 03:42:00,895 - __main__ - INFO -    Seasonal avg MAE:      0.1786
2025-11-26 03:42:00,895 - __main__ - INFO - 
✨ Model Improvement:
2025-11-26 03:42:00,895 - __main__ - INFO -    vs Naive:    +99.7%
2025-11-26 03:42:00,895 - __main__ - INFO -    vs Seasonal: +98.4%
2025-11-26 03:42:00,895 - __main__ - WARNING - ⚠️  Suspiciously low error - check for data leakage!
2025-11-26 03:42:01,563 - __main__ - INFO -   ✓ Forecast visualization saved to forecast_solar.png
2025-11-26 03:42:02,030 - __main__ - INFO -   ✓ Feature importance saved to importance_solar.png
2025-11-26 03:42:02,030 - __main__ - INFO - 
  Top 5 Features for Solar:
2025-11-26 03:42:02,030 - __main__ - INFO -     1. irradiance: 0.7082
2025-11-26 03:42:02,030 - __main__ - INFO -     2. hour_cos: 0.2823
2025-11-26 03:42:02,030 - __main__ - INFO -     3. cloud_cover: 0.0091
2025-11-26 03:42:02,030 - __main__ - INFO -     4. month: 0.0002
2025-11-26 03:42:02,030 - __main__ - INFO -     5. is_night: 0.0000
2025-11-26 03:42:02,030 - __main__ - INFO - 
============================================================
2025-11-26 03:42:02,030 - __main__ - INFO - SAVING MODELS
2025-11-26 03:42:02,030 - __main__ - INFO - ============================================================
2025-11-26 03:42:02,036 - __main__ - INFO - ✓ Demand model saved: demand_model_20251126_034202.pkl
2025-11-26 03:42:02,044 - __main__ - INFO - ✓ Solar model saved: solar_model_20251126_034202.pkl
2025-11-26 03:42:02,044 - __main__ - INFO - 
✅ All models saved successfully!
2025-11-26 03:42:02,044 - __main__ - INFO - 
============================================================
2025-11-26 03:42:02,044 - __main__ - INFO - 🎉 TRAINING COMPLETED SUCCESSFULLY!
2025-11-26 03:42:02,044 - __main__ - INFO - ============================================================
2025-11-26 18:51:52,385 - __main__ - INFO - ============================================================
2025-11-26 18:51:52,385 - __main__ - INFO - STEP 1: LOADING AND VALIDATING DATA
2025-11-26 18:51:52,385 - __main__ - INFO - ============================================================
2025-11-26 18:51:52,430 - __main__ - INFO - ✓ Loaded 34588 records from processed_microgrid_data.csv
2025-11-26 18:51:52,430 - __main__ - INFO -   Date range: 2006-12-16 18:00:00 to 2010-11-26 21:00:00
2025-11-26 18:51:52,433 - __main__ - INFO -   demand_kwh: 812 outliers (2.35%)
2025-11-26 18:51:52,434 - __main__ - INFO -   generation_kwh: 17195 outliers (49.71%)
2025-11-26 18:51:52,434 - __main__ - WARNING -   ⚠️ High outlier percentage in generation_kwh
2025-11-26 18:51:52,434 - __main__ - INFO - 
STEP 2: FEATURE ENGINEERING
2025-11-26 18:51:52,434 - __main__ - INFO - ------------------------------------------------------------
2025-11-26 18:51:52,439 - __main__ - INFO - ✓ Created temporal features
2025-11-26 18:51:52,453 - __main__ - INFO - ✓ Created demand lag and rolling features
2025-11-26 18:51:52,458 - __main__ - INFO - ✓ Created solar lag features
2025-11-26 18:51:52,463 - __main__ - INFO - ✓ Created interaction features
2025-11-26 18:51:52,465 - __main__ - INFO - ✓ Dropped 168 rows with NaN from feature engineering
2025-11-26 18:51:52,465 - __main__ - INFO - ✓ No temporal overlap: Train ends 2010-02-13 01:00:00, Test starts 2010-02-13 02:00:00
2025-11-26 18:51:52,465 - __main__ - INFO - 
✓ Train: 27536 samples (2006-12-23 18:00:00 to 2010-02-13 01:00:00)
2025-11-26 18:51:52,465 - __main__ - INFO - ✓ Test:  6884 samples (2010-02-13 02:00:00 to 2010-11-26 21:00:00)
2025-11-26 18:51:52,465 - __main__ - INFO - 
============================================================
2025-11-26 18:51:52,465 - __main__ - INFO - TRAINING DEMAND MODEL
2025-11-26 18:51:52,465 - __main__ - INFO - ============================================================
2025-11-26 18:51:52,467 - __main__ - INFO - 
📋 Feature Set (19 features):
2025-11-26 18:51:52,467 - __main__ - INFO -    1. hour
2025-11-26 18:51:52,467 - __main__ - INFO -    2. dayofweek
2025-11-26 18:51:52,468 - __main__ - INFO -    3. is_weekend
2025-11-26 18:51:52,468 - __main__ - INFO -    4. month
2025-11-26 18:51:52,468 - __main__ - INFO -    5. hour_sin
2025-11-26 18:51:52,468 - __main__ - INFO -    6. hour_cos
2025-11-26 18:51:52,468 - __main__ - INFO -    7. is_night
2025-11-26 18:51:52,468 - __main__ - INFO -    8. demand_kwh_lag_1
2025-11-26 18:51:52,468 - __main__ - INFO -    9. demand_kwh_lag_2
2025-11-26 18:51:52,468 - __main__ - INFO -    10. demand_kwh_lag_24
2025-11-26 18:51:52,468 - __main__ - INFO -    11. demand_kwh_lag_168
2025-11-26 18:51:52,468 - __main__ - INFO -    12. demand_kwh_roll_mean_12h
2025-11-26 18:51:52,468 - __main__ - INFO -    13. demand_kwh_roll_std_12h
2025-11-26 18:51:52,468 - __main__ - INFO -    14. demand_kwh_roll_mean_24h
2025-11-26 18:51:52,468 - __main__ - INFO -    15. demand_kwh_roll_std_24h
2025-11-26 18:51:52,468 - __main__ - INFO -    16. demand_kwh_roll_mean_168h
2025-11-26 18:51:52,468 - __main__ - INFO -    17. demand_kwh_roll_std_168h
2025-11-26 18:51:52,468 - __main__ - INFO -    18. temperature
2025-11-26 18:51:52,468 - __main__ - INFO -    19. temp_hour_interaction
2025-11-26 18:51:52,468 - __main__ - INFO - 
  🔍 Tuning hyperparameters for DEMAND...
2025-11-26 18:52:02,847 - __main__ - INFO -   ✓ Best CV MAE: 0.4212
2025-11-26 18:52:02,847 - __main__ - INFO -   ✓ Best params: {'subsample': 1.0, 'n_estimators': 1000, 'min_child_weight': 1, 'max_depth': 6, 'learning_rate': 0.03, 'gamma': 0.2, 'colsample_bytree': 0.8}
2025-11-26 18:52:02,848 - __main__ - INFO - 
============================================================
2025-11-26 18:52:02,848 - __main__ - INFO - EVALUATION: DEMAND MODEL
2025-11-26 18:52:02,848 - __main__ - INFO - ============================================================
2025-11-26 18:52:02,956 - __main__ - INFO - 
📊 Training Set:
2025-11-26 18:52:02,957 - __main__ - INFO -    MAE:  0.3300 kWh
2025-11-26 18:52:02,957 - __main__ - INFO -    RMSE: 0.4749 kWh
2025-11-26 18:52:02,957 - __main__ - INFO - 
📊 Test Set:
2025-11-26 18:52:02,957 - __main__ - INFO -    MAE:  0.3644 kWh
2025-11-26 18:52:02,957 - __main__ - INFO -    RMSE: 0.5172 kWh
2025-11-26 18:52:02,957 - __main__ - INFO -    MAPE: 5870127110.29%
2025-11-26 18:52:02,957 - __main__ - INFO - 
📈 Baseline Comparison:
2025-11-26 18:52:02,957 - __main__ - INFO -    Naive forecast MAE:    0.8058
2025-11-26 18:52:02,957 - __main__ - INFO -    Seasonal avg MAE:      0.6318
2025-11-26 18:52:02,957 - __main__ - INFO - 
✨ Model Improvement:
2025-11-26 18:52:02,957 - __main__ - INFO -    vs Naive:    +54.8%
2025-11-26 18:52:02,957 - __main__ - INFO -    vs Seasonal: +42.3%
2025-11-26 18:52:03,827 - __main__ - INFO -   ✓ Forecast visualization saved to forecast_demand.png
2025-11-26 18:52:04,331 - __main__ - INFO -   ✓ Feature importance saved to importance_demand.png
2025-11-26 18:52:04,331 - __main__ - INFO - 
  Top 5 Features for Demand:
2025-11-26 18:52:04,331 - __main__ - INFO -     1. demand_kwh_lag_1: 0.3655
2025-11-26 18:52:04,331 - __main__ - INFO -     2. is_night: 0.0757
2025-11-26 18:52:04,331 - __main__ - INFO -     3. demand_kwh_lag_168: 0.0736
2025-11-26 18:52:04,331 - __main__ - INFO -     4. hour_cos: 0.0678
2025-11-26 18:52:04,331 - __main__ - INFO -     5. demand_kwh_roll_std_12h: 0.0625
2025-11-26 18:52:04,331 - __main__ - INFO - 
============================================================
2025-11-26 18:52:04,331 - __main__ - INFO - TRAINING SOLAR MODEL
2025-11-26 18:52:04,331 - __main__ - INFO - ============================================================
2025-11-26 18:52:04,333 - __main__ - INFO - 
📋 Feature Set (9 features):
2025-11-26 18:52:04,333 - __main__ - INFO -    1. hour
2025-11-26 18:52:04,333 - __main__ - INFO -    2. month
2025-11-26 18:52:04,333 - __main__ - INFO -    3. hour_sin
2025-11-26 18:52:04,333 - __main__ - INFO -    4. hour_cos
2025-11-26 18:52:04,333 - __main__ - INFO -    5. is_night
2025-11-26 18:52:04,333 - __main__ - INFO -    6. generation_kwh_lag_1
2025-11-26 18:52:04,333 - __main__ - INFO -    7. irradiance
2025-11-26 18:52:04,333 - __main__ - INFO -    8. cloud_cover
2025-11-26 18:52:04,333 - __main__ - INFO -    9. temperature
2025-11-26 18:52:04,333 - __main__ - INFO - 
  🔍 Tuning hyperparameters for SOLAR...
2025-11-26 18:52:07,118 - __main__ - INFO -   ✓ Best CV MAE: 0.0030
2025-11-26 18:52:07,119 - __main__ - INFO -   ✓ Best params: {'subsample': 0.8, 'n_estimators': 1500, 'min_child_weight': 3, 'max_depth': 3, 'learning_rate': 0.05, 'gamma': 0, 'colsample_bytree': 0.9}
2025-11-26 18:52:07,119 - __main__ - INFO - 
============================================================
2025-11-26 18:52:07,119 - __main__ - INFO - EVALUATION: SOLAR MODEL
2025-11-26 18:52:07,119 - __main__ - INFO - ============================================================
2025-11-26 18:52:07,212 - __main__ - INFO - 
📊 Training Set:
2025-11-26 18:52:07,213 - __main__ - INFO -    MAE:  0.0022 kWh
2025-11-26 18:52:07,213 - __main__ - INFO -    RMSE: 0.0037 kWh
2025-11-26 18:52:07,213 - __main__ - INFO - 
📊 Test Set:
2025-11-26 18:52:07,213 - __main__ - INFO -    MAE:  0.0026 kWh
2025-11-26 18:52:07,214 - __main__ - INFO -    RMSE: 0.0049 kWh
2025-11-26 18:52:07,214 - __main__ - INFO -    MAPE: 114986792.40%
2025-11-26 18:52:07,214 - __main__ - INFO - 
📈 Baseline Comparison:
2025-11-26 18:52:07,214 - __main__ - INFO -    Naive forecast MAE:    0.8892
2025-11-26 18:52:07,214 - __main__ - INFO -    Seasonal avg MAE:      0.1832
2025-11-26 18:52:07,214 - __main__ - INFO - 
✨ Model Improvement:
2025-11-26 18:52:07,215 - __main__ - INFO -    vs Naive:    +99.7%
2025-11-26 18:52:07,215 - __main__ - INFO -    vs Seasonal: +98.6%
2025-11-26 18:52:07,215 - __main__ - WARNING - ⚠️  Suspiciously low error - check for data leakage!
2025-11-26 18:52:07,906 - __main__ - INFO -   ✓ Forecast visualization saved to forecast_solar.png
2025-11-26 18:52:08,360 - __main__ - INFO -   ✓ Feature importance saved to importance_solar.png
2025-11-26 18:52:08,360 - __main__ - INFO - 
  Top 5 Features for Solar:
2025-11-26 18:52:08,360 - __main__ - INFO -     1. irradiance: 0.7102
2025-11-26 18:52:08,360 - __main__ - INFO -     2. hour_cos: 0.2805
2025-11-26 18:52:08,360 - __main__ - INFO -     3. cloud_cover: 0.0090
2025-11-26 18:52:08,360 - __main__ - INFO -     4. month: 0.0003
2025-11-26 18:52:08,360 - __main__ - INFO -     5. generation_kwh_lag_1: 0.0000
2025-11-26 18:52:08,360 - __main__ - INFO - 
============================================================
2025-11-26 18:52:08,360 - __main__ - INFO - SAVING MODELS
2025-11-26 18:52:08,360 - __main__ - INFO - ============================================================
2025-11-26 18:52:08,369 - __main__ - INFO - ✓ Demand model saved: demand_model_20251126_185208.pkl
2025-11-26 18:52:08,375 - __main__ - INFO - ✓ Solar model saved: solar_model_20251126_185208.pkl
2025-11-26 18:52:08,375 - __main__ - INFO - 
✅ All models saved successfully!
2025-11-26 18:52:08,375 - __main__ - INFO - 
============================================================
2025-11-26 18:52:08,375 - __main__ - INFO - 🎉 TRAINING COMPLETED SUCCESSFULLY!
2025-11-26 18:52:08,375 - __main__ - INFO - ============================================================
2025-11-26 22:26:29,585 - __main__ - INFO - ============================================================
2025-11-26 22:26:29,586 - __main__ - INFO - STEP 1: LOADING AND VALIDATING DATA
2025-11-26 22:26:29,586 - __main__ - INFO - ============================================================
2025-11-26 22:26:29,635 - __main__ - INFO - ✓ Loaded 34588 records from processed_microgrid_data.csv
2025-11-26 22:26:29,635 - __main__ - INFO -   Date range: 2006-12-16 18:00:00 to 2010-11-26 21:00:00
2025-11-26 22:26:29,638 - __main__ - INFO -   demand_kwh: 812 outliers (2.35%)
2025-11-26 22:26:29,639 - __main__ - INFO -   generation_kwh: 17195 outliers (49.71%)
2025-11-26 22:26:29,639 - __main__ - WARNING -   ⚠️ High outlier percentage in generation_kwh
2025-11-26 22:26:29,639 - __main__ - INFO - 
STEP 2: FEATURE ENGINEERING
2025-11-26 22:26:29,639 - __main__ - INFO - ------------------------------------------------------------
2025-11-26 22:26:29,644 - __main__ - INFO - ✓ Created temporal features
2025-11-26 22:26:29,657 - __main__ - INFO - ✓ Created demand lag and rolling features
2025-11-26 22:26:29,661 - __main__ - INFO - ✓ Created solar lag features
2025-11-26 22:26:29,665 - __main__ - INFO - ✓ Created interaction features
2025-11-26 22:26:29,668 - __main__ - INFO - ✓ Dropped 168 rows with NaN from feature engineering
2025-11-26 22:26:29,668 - __main__ - INFO - ✓ No temporal overlap: Train ends 2010-02-13 01:00:00, Test starts 2010-02-13 02:00:00
2025-11-26 22:26:29,668 - __main__ - INFO - 
✓ Train: 27536 samples (2006-12-23 18:00:00 to 2010-02-13 01:00:00)
2025-11-26 22:26:29,668 - __main__ - INFO - ✓ Test:  6884 samples (2010-02-13 02:00:00 to 2010-11-26 21:00:00)
2025-11-26 22:26:29,668 - __main__ - INFO - 
============================================================
2025-11-26 22:26:29,669 - __main__ - INFO - TRAINING DEMAND MODEL
2025-11-26 22:26:29,669 - __main__ - INFO - ============================================================
2025-11-26 22:26:29,671 - __main__ - INFO - 
📋 Feature Set (19 features):
2025-11-26 22:26:29,671 - __main__ - INFO -    1. hour
2025-11-26 22:26:29,671 - __main__ - INFO -    2. dayofweek
2025-11-26 22:26:29,671 - __main__ - INFO -    3. is_weekend
2025-11-26 22:26:29,671 - __main__ - INFO -    4. month
2025-11-26 22:26:29,671 - __main__ - INFO -    5. hour_sin
2025-11-26 22:26:29,671 - __main__ - INFO -    6. hour_cos
2025-11-26 22:26:29,671 - __main__ - INFO -    7. is_night
2025-11-26 22:26:29,671 - __main__ - INFO -    8. demand_kwh_lag_1
2025-11-26 22:26:29,671 - __main__ - INFO -    9. demand_kwh_lag_2
2025-11-26 22:26:29,671 - __main__ - INFO -    10. demand_kwh_lag_24
2025-11-26 22:26:29,671 - __main__ - INFO -    11. demand_kwh_lag_168
2025-11-26 22:26:29,671 - __main__ - INFO -    12. demand_kwh_roll_mean_12h
2025-11-26 22:26:29,671 - __main__ - INFO -    13. demand_kwh_roll_std_12h
2025-11-26 22:26:29,671 - __main__ - INFO -    14. demand_kwh_roll_mean_24h
2025-11-26 22:26:29,671 - __main__ - INFO -    15. demand_kwh_roll_std_24h
2025-11-26 22:26:29,671 - __main__ - INFO -    16. demand_kwh_roll_mean_168h
2025-11-26 22:26:29,671 - __main__ - INFO -    17. demand_kwh_roll_std_168h
2025-11-26 22:26:29,671 - __main__ - INFO -    18. temperature
2025-11-26 22:26:29,671 - __main__ - INFO -    19. temp_hour_interaction
2025-11-26 22:26:29,671 - __main__ - INFO - 
  🔍 Tuning hyperparameters for DEMAND...
2025-11-26 22:26:38,099 - __main__ - INFO -   ✓ Best CV MAE: 0.4212
2025-11-26 22:26:38,100 - __main__ - INFO -   ✓ Best params: {'subsample': 1.0, 'n_estimators': 1000, 'min_child_weight': 1, 'max_depth': 6, 'learning_rate': 0.03, 'gamma': 0.2, 'colsample_bytree': 0.8}
2025-11-26 22:26:38,100 - __main__ - INFO - 
============================================================
2025-11-26 22:26:38,100 - __main__ - INFO - EVALUATION: DEMAND MODEL
2025-11-26 22:26:38,100 - __main__ - INFO - ============================================================
2025-11-26 22:26:38,188 - __main__ - INFO - 
📊 Training Set:
2025-11-26 22:26:38,188 - __main__ - INFO -    MAE:  0.3300 kWh
2025-11-26 22:26:38,189 - __main__ - INFO -    RMSE: 0.4749 kWh
2025-11-26 22:26:38,189 - __main__ - INFO - 
📊 Test Set:
2025-11-26 22:26:38,189 - __main__ - INFO -    MAE:  0.3644 kWh
2025-11-26 22:26:38,189 - __main__ - INFO -    RMSE: 0.5172 kWh
2025-11-26 22:26:38,189 - __main__ - INFO -    MAPE: 5870127110.29%
2025-11-26 22:26:38,189 - __main__ - INFO - 
📈 Baseline Comparison:
2025-11-26 22:26:38,189 - __main__ - INFO -    Naive forecast MAE:    0.8058
2025-11-26 22:26:38,189 - __main__ - INFO -    Seasonal avg MAE:      0.6318
2025-11-26 22:26:38,189 - __main__ - INFO - 
✨ Model Improvement:
2025-11-26 22:26:38,189 - __main__ - INFO -    vs Naive:    +54.8%
2025-11-26 22:26:38,189 - __main__ - INFO -    vs Seasonal: +42.3%
2025-11-26 22:26:39,040 - __main__ - INFO -   ✓ Forecast visualization saved to forecast_demand.png
2025-11-26 22:26:39,534 - __main__ - INFO -   ✓ Feature importance saved to importance_demand.png
2025-11-26 22:26:39,534 - __main__ - INFO - 
  Top 5 Features for Demand:
2025-11-26 22:26:39,534 - __main__ - INFO -     1. demand_kwh_lag_1: 0.3655
2025-11-26 22:26:39,534 - __main__ - INFO -     2. is_night: 0.0757
2025-11-26 22:26:39,534 - __main__ - INFO -     3. demand_kwh_lag_168: 0.0736
2025-11-26 22:26:39,535 - __main__ - INFO -     4. hour_cos: 0.0678
2025-11-26 22:26:39,535 - __main__ - INFO -     5. demand_kwh_roll_std_12h: 0.0625
2025-11-26 22:26:39,535 - __main__ - INFO - 
============================================================
2025-11-26 22:26:39,535 - __main__ - INFO - TRAINING SOLAR MODEL
2025-11-26 22:26:39,535 - __main__ - INFO - ============================================================
2025-11-26 22:26:39,536 - __main__ - INFO - 
📋 Feature Set (9 features):
2025-11-26 22:26:39,536 - __main__ - INFO -    1. hour
2025-11-26 22:26:39,536 - __main__ - INFO -    2. month
2025-11-26 22:26:39,536 - __main__ - INFO -    3. hour_sin
2025-11-26 22:26:39,536 - __main__ - INFO -    4. hour_cos
2025-11-26 22:26:39,536 - __main__ - INFO -    5. is_night
2025-11-26 22:26:39,536 - __main__ - INFO -    6. generation_kwh_lag_1
2025-11-26 22:26:39,537 - __main__ - INFO -    7. irradiance
2025-11-26 22:26:39,537 - __main__ - INFO -    8. cloud_cover
2025-11-26 22:26:39,537 - __main__ - INFO -    9. temperature
2025-11-26 22:26:39,537 - __main__ - INFO - 
  🔍 Tuning hyperparameters for SOLAR...
2025-11-26 22:26:42,683 - __main__ - INFO -   ✓ Best CV MAE: 0.0030
2025-11-26 22:26:42,683 - __main__ - INFO -   ✓ Best params: {'subsample': 0.8, 'n_estimators': 1500, 'min_child_weight': 3, 'max_depth': 3, 'learning_rate': 0.05, 'gamma': 0, 'colsample_bytree': 0.9}
2025-11-26 22:26:42,684 - __main__ - INFO - 
============================================================
2025-11-26 22:26:42,684 - __main__ - INFO - EVALUATION: SOLAR MODEL
2025-11-26 22:26:42,684 - __main__ - INFO - ============================================================
2025-11-26 22:26:42,788 - __main__ - INFO - 
📊 Training Set:
2025-11-26 22:26:42,789 - __main__ - INFO -    MAE:  0.0022 kWh
2025-11-26 22:26:42,790 - __main__ - INFO -    RMSE: 0.0037 kWh
2025-11-26 22:26:42,790 - __main__ - INFO - 
📊 Test Set:
2025-11-26 22:26:42,790 - __main__ - INFO -    MAE:  0.0026 kWh
2025-11-26 22:26:42,790 - __main__ - INFO -    RMSE: 0.0049 kWh
2025-11-26 22:26:42,791 - __main__ - INFO -    MAPE: 114986792.40%
2025-11-26 22:26:42,791 - __main__ - INFO - 
📈 Baseline Comparison:
2025-11-26 22:26:42,791 - __main__ - INFO -    Naive forecast MAE:    0.8892
2025-11-26 22:26:42,791 - __main__ - INFO -    Seasonal avg MAE:      0.1832
2025-11-26 22:26:42,791 - __main__ - INFO - 
✨ Model Improvement:
2025-11-26 22:26:42,791 - __main__ - INFO -    vs Naive:    +99.7%
2025-11-26 22:26:42,791 - __main__ - INFO -    vs Seasonal: +98.6%
2025-11-26 22:26:42,791 - __main__ - WARNING - ⚠️  Suspiciously low error - check for data leakage!
2025-11-26 22:26:43,490 - __main__ - INFO -   ✓ Forecast visualization saved to forecast_solar.png
2025-11-26 22:26:43,930 - __main__ - INFO -   ✓ Feature importance saved to importance_solar.png
2025-11-26 22:26:43,930 - __main__ - INFO - 
  Top 5 Features for Solar:
2025-11-26 22:26:43,930 - __main__ - INFO -     1. irradiance: 0.7102
2025-11-26 22:26:43,930 - __main__ - INFO -     2. hour_cos: 0.2805
2025-11-26 22:26:43,930 - __main__ - INFO -     3. cloud_cover: 0.0090
2025-11-26 22:26:43,931 - __main__ - INFO -     4. month: 0.0003
2025-11-26 22:26:43,931 - __main__ - INFO -     5. generation_kwh_lag_1: 0.0000
2025-11-26 22:26:43,931 - __main__ - INFO - 
============================================================
2025-11-26 22:26:43,931 - __main__ - INFO - SAVING MODELS
2025-11-26 22:26:43,931 - __main__ - INFO - ============================================================
2025-11-26 22:26:43,941 - __main__ - INFO - ✓ Demand model saved: demand_model_20251126_222643.pkl
2025-11-26 22:26:43,952 - __main__ - INFO - ✓ Solar model saved: solar_model_20251126_222643.pkl
2025-11-26 22:26:43,952 - __main__ - INFO - 
✅ All models saved successfully!
2025-11-26 22:26:43,952 - __main__ - INFO - 
============================================================
2025-11-26 22:26:43,952 - __main__ - INFO - 🎉 TRAINING COMPLETED SUCCESSFULLY!
2025-11-26 22:26:43,952 - __main__ - INFO - ============================================================
2025-11-26 22:30:53,131 - __main__ - INFO - ============================================================
2025-11-26 22:30:53,131 - __main__ - INFO - STEP 1: LOADING AND VALIDATING DATA
2025-11-26 22:30:53,131 - __main__ - INFO - ============================================================
2025-11-26 22:30:53,183 - __main__ - INFO - ✓ Loaded 34588 records from processed_microgrid_data.csv
2025-11-26 22:30:53,184 - __main__ - INFO -   Date range: 2006-12-16 18:00:00 to 2010-11-26 21:00:00
2025-11-26 22:30:53,187 - __main__ - INFO -   demand_kwh: 812 outliers (2.35%)
2025-11-26 22:30:53,188 - __main__ - INFO -   generation_kwh: 17195 outliers (49.71%)
2025-11-26 22:30:53,188 - __main__ - WARNING -   ⚠️ High outlier percentage in generation_kwh
2025-11-26 22:30:53,188 - __main__ - INFO - 
STEP 2: FEATURE ENGINEERING
2025-11-26 22:30:53,188 - __main__ - INFO - ------------------------------------------------------------
2025-11-26 22:30:53,193 - __main__ - INFO - ✓ Created temporal features
2025-11-26 22:30:53,206 - __main__ - INFO - ✓ Created demand lag and rolling features
2025-11-26 22:30:53,210 - __main__ - INFO - ✓ Created solar lag features
2025-11-26 22:30:53,215 - __main__ - INFO - ✓ Created interaction features
2025-11-26 22:30:53,217 - __main__ - INFO - ✓ Dropped 168 rows with NaN from feature engineering
2025-11-26 22:30:53,217 - __main__ - INFO - ✓ No temporal overlap: Train ends 2010-02-13 01:00:00, Test starts 2010-02-13 02:00:00
2025-11-26 22:30:53,217 - __main__ - INFO - 
✓ Train: 27536 samples (2006-12-23 18:00:00 to 2010-02-13 01:00:00)
2025-11-26 22:30:53,217 - __main__ - INFO - ✓ Test:  6884 samples (2010-02-13 02:00:00 to 2010-11-26 21:00:00)
2025-11-26 22:30:53,217 - __main__ - INFO - 
============================================================
2025-11-26 22:30:53,217 - __main__ - INFO - TRAINING DEMAND MODEL
2025-11-26 22:30:53,217 - __main__ - INFO - ============================================================
2025-11-26 22:30:53,220 - __main__ - INFO - 
📋 Feature Set (19 features):
2025-11-26 22:30:53,220 - __main__ - INFO -    1. hour
2025-11-26 22:30:53,220 - __main__ - INFO -    2. dayofweek
2025-11-26 22:30:53,220 - __main__ - INFO -    3. is_weekend
2025-11-26 22:30:53,220 - __main__ - INFO -    4. month
2025-11-26 22:30:53,220 - __main__ - INFO -    5. hour_sin
2025-11-26 22:30:53,220 - __main__ - INFO -    6. hour_cos
2025-11-26 22:30:53,220 - __main__ - INFO -    7. is_night
2025-11-26 22:30:53,220 - __main__ - INFO -    8. demand_kwh_lag_1
2025-11-26 22:30:53,220 - __main__ - INFO -    9. demand_kwh_lag_2
2025-11-26 22:30:53,220 - __main__ - INFO -    10. demand_kwh_lag_24
2025-11-26 22:30:53,220 - __main__ - INFO -    11. demand_kwh_lag_168
2025-11-26 22:30:53,220 - __main__ - INFO -    12. demand_kwh_roll_mean_12h
2025-11-26 22:30:53,220 - __main__ - INFO -    13. demand_kwh_roll_std_12h
2025-11-26 22:30:53,220 - __main__ - INFO -    14. demand_kwh_roll_mean_24h
2025-11-26 22:30:53,220 - __main__ - INFO -    15. demand_kwh_roll_std_24h
2025-11-26 22:30:53,220 - __main__ - INFO -    16. demand_kwh_roll_mean_168h
2025-11-26 22:30:53,220 - __main__ - INFO -    17. demand_kwh_roll_std_168h
2025-11-26 22:30:53,220 - __main__ - INFO -    18. temperature
2025-11-26 22:30:53,220 - __main__ - INFO -    19. temp_hour_interaction
2025-11-26 22:30:53,221 - __main__ - INFO - 
  🔍 Tuning hyperparameters for DEMAND...
2025-11-26 22:31:02,888 - __main__ - INFO -   ✓ Best CV MAE: 0.4212
2025-11-26 22:31:02,891 - __main__ - INFO -   ✓ Best params: {'subsample': 1.0, 'n_estimators': 1000, 'min_child_weight': 1, 'max_depth': 6, 'learning_rate': 0.03, 'gamma': 0.2, 'colsample_bytree': 0.8}
2025-11-26 22:31:02,892 - __main__ - INFO - 
============================================================
2025-11-26 22:31:02,892 - __main__ - INFO - EVALUATION: DEMAND MODEL
2025-11-26 22:31:02,892 - __main__ - INFO - ============================================================
2025-11-26 22:31:02,988 - __main__ - INFO - 
📊 Training Set:
2025-11-26 22:31:02,988 - __main__ - INFO -    MAE:  0.3300 kWh
2025-11-26 22:31:02,989 - __main__ - INFO -    RMSE: 0.4749 kWh
2025-11-26 22:31:02,989 - __main__ - INFO - 
📊 Test Set:
2025-11-26 22:31:02,989 - __main__ - INFO -    MAE:  0.3644 kWh
2025-11-26 22:31:02,989 - __main__ - INFO -    RMSE: 0.5172 kWh
2025-11-26 22:31:02,989 - __main__ - INFO -    MAPE: 5870127110.29%
2025-11-26 22:31:02,989 - __main__ - INFO - 
📈 Baseline Comparison:
2025-11-26 22:31:02,989 - __main__ - INFO -    Naive forecast MAE:    0.8058
2025-11-26 22:31:02,989 - __main__ - INFO -    Seasonal avg MAE:      0.6318
2025-11-26 22:31:02,989 - __main__ - INFO - 
✨ Model Improvement:
2025-11-26 22:31:02,989 - __main__ - INFO -    vs Naive:    +54.8%
2025-11-26 22:31:02,989 - __main__ - INFO -    vs Seasonal: +42.3%
2025-11-26 22:31:03,841 - __main__ - INFO -   ✓ Forecast visualization saved to forecast_demand.png
2025-11-26 22:31:04,345 - __main__ - INFO -   ✓ Feature importance saved to importance_demand.png
2025-11-26 22:31:04,345 - __main__ - INFO - 
  Top 5 Features for Demand:
2025-11-26 22:31:04,345 - __main__ - INFO -     1. demand_kwh_lag_1: 0.3655
2025-11-26 22:31:04,345 - __main__ - INFO -     2. is_night: 0.0757
2025-11-26 22:31:04,345 - __main__ - INFO -     3. demand_kwh_lag_168: 0.0736
2025-11-26 22:31:04,345 - __main__ - INFO -     4. hour_cos: 0.0678
2025-11-26 22:31:04,345 - __main__ - INFO -     5. demand_kwh_roll_std_12h: 0.0625
2025-11-26 22:31:04,345 - __main__ - INFO - 
============================================================
2025-11-26 22:31:04,345 - __main__ - INFO - TRAINING SOLAR MODEL
2025-11-26 22:31:04,345 - __main__ - INFO - ============================================================
2025-11-26 22:31:04,347 - __main__ - INFO - 
📋 Feature Set (7 features):
2025-11-26 22:31:04,347 - __main__ - INFO -    1. hour
2025-11-26 22:31:04,347 - __main__ - INFO -    2. month
2025-11-26 22:31:04,347 - __main__ - INFO -    3. hour_sin
2025-11-26 22:31:04,347 - __main__ - INFO -    4. hour_cos
2025-11-26 22:31:04,347 - __main__ - INFO -    5. dayofweek
2025-11-26 22:31:04,347 - __main__ - INFO -    6. is_weekend
2025-11-26 22:31:04,347 - __main__ - INFO -    7. is_night
2025-11-26 22:31:04,347 - __main__ - INFO - 
  🔍 Tuning hyperparameters for SOLAR...
2025-11-26 22:31:06,139 - __main__ - INFO -   ✓ Best CV MAE: 0.1595
2025-11-26 22:31:06,139 - __main__ - INFO -   ✓ Best params: {'subsample': 0.9, 'n_estimators': 500, 'min_child_weight': 3, 'max_depth': 6, 'learning_rate': 0.05, 'gamma': 0.2, 'colsample_bytree': 0.9}
2025-11-26 22:31:06,139 - __main__ - INFO - 
============================================================
2025-11-26 22:31:06,139 - __main__ - INFO - EVALUATION: SOLAR MODEL
2025-11-26 22:31:06,139 - __main__ - INFO - ============================================================
2025-11-26 22:31:06,170 - __main__ - INFO - 
📊 Training Set:
2025-11-26 22:31:06,170 - __main__ - INFO -    MAE:  0.1558 kWh
2025-11-26 22:31:06,170 - __main__ - INFO -    RMSE: 0.2981 kWh
2025-11-26 22:31:06,170 - __main__ - INFO - 
📊 Test Set:
2025-11-26 22:31:06,170 - __main__ - INFO -    MAE:  0.1661 kWh
2025-11-26 22:31:06,171 - __main__ - INFO -    RMSE: 0.3121 kWh
2025-11-26 22:31:06,171 - __main__ - INFO -    MAPE: 998875789.14%
2025-11-26 22:31:06,171 - __main__ - INFO - 
📈 Baseline Comparison:
2025-11-26 22:31:06,171 - __main__ - INFO -    Naive forecast MAE:    0.8892
2025-11-26 22:31:06,171 - __main__ - INFO -    Seasonal avg MAE:      0.1832
2025-11-26 22:31:06,171 - __main__ - INFO - 
✨ Model Improvement:
2025-11-26 22:31:06,172 - __main__ - INFO -    vs Naive:    +81.3%
2025-11-26 22:31:06,172 - __main__ - INFO -    vs Seasonal: +9.3%
2025-11-26 22:31:06,865 - __main__ - INFO -   ✓ Forecast visualization saved to forecast_solar.png
2025-11-26 22:31:07,292 - __main__ - INFO -   ✓ Feature importance saved to importance_solar.png
2025-11-26 22:31:07,292 - __main__ - INFO - 
  Top 5 Features for Solar:
2025-11-26 22:31:07,293 - __main__ - INFO -     1. hour_cos: 0.5020
2025-11-26 22:31:07,293 - __main__ - INFO -     2. is_night: 0.4377
2025-11-26 22:31:07,293 - __main__ - INFO -     3. hour: 0.0548
2025-11-26 22:31:07,293 - __main__ - INFO -     4. month: 0.0039
2025-11-26 22:31:07,293 - __main__ - INFO -     5. dayofweek: 0.0006
2025-11-26 22:31:07,293 - __main__ - INFO - 
============================================================
2025-11-26 22:31:07,293 - __main__ - INFO - SAVING MODELS
2025-11-26 22:31:07,293 - __main__ - INFO - ============================================================
2025-11-26 22:31:07,303 - __main__ - INFO - ✓ Demand model saved: demand_model_20251126_223107.pkl
2025-11-26 22:31:07,306 - __main__ - INFO - ✓ Solar model saved: solar_model_20251126_223107.pkl
2025-11-26 22:31:07,307 - __main__ - INFO - 
✅ All models saved successfully!
2025-11-26 22:31:07,307 - __main__ - INFO - 
============================================================
2025-11-26 22:31:07,307 - __main__ - INFO - 🎉 TRAINING COMPLETED SUCCESSFULLY!
2025-11-26 22:31:07,307 - __main__ - INFO - ============================================================
2025-11-26 23:07:52,142 - __main__ - INFO - ============================================================
2025-11-26 23:07:52,142 - __main__ - INFO - STEP 1: LOADING AND VALIDATING DATA
2025-11-26 23:07:52,142 - __main__ - INFO - ============================================================
2025-11-26 23:07:52,196 - __main__ - INFO - ✓ Loaded 34588 records from processed_microgrid_data.csv
2025-11-26 23:07:52,196 - __main__ - INFO -   Date range: 2006-12-16 18:00:00 to 2010-11-26 21:00:00
2025-11-26 23:07:52,200 - __main__ - INFO -   demand_kwh: 812 outliers (2.35%)
2025-11-26 23:07:52,201 - __main__ - INFO -   generation_kwh: 17195 outliers (49.71%)
2025-11-26 23:07:52,201 - __main__ - WARNING -   ⚠️ High outlier percentage in generation_kwh
2025-11-26 23:07:52,201 - __main__ - INFO - 
STEP 2: FEATURE ENGINEERING
2025-11-26 23:07:52,201 - __main__ - INFO - ------------------------------------------------------------
2025-11-26 23:07:52,208 - __main__ - INFO - ✓ Created temporal features
2025-11-26 23:07:52,223 - __main__ - INFO - ✓ Created demand lag and rolling features
2025-11-26 23:07:52,228 - __main__ - INFO - ✓ Created solar lag features
2025-11-26 23:07:52,236 - __main__ - INFO - ✓ Created interaction features
2025-11-26 23:07:52,238 - __main__ - INFO - ✓ Dropped 168 rows with NaN from feature engineering
2025-11-26 23:07:52,239 - __main__ - INFO - ✓ No temporal overlap: Train ends 2010-02-13 01:00:00, Test starts 2010-02-13 02:00:00
2025-11-26 23:07:52,239 - __main__ - INFO - 
✓ Train: 27536 samples (2006-12-23 18:00:00 to 2010-02-13 01:00:00)
2025-11-26 23:07:52,239 - __main__ - INFO - ✓ Test:  6884 samples (2010-02-13 02:00:00 to 2010-11-26 21:00:00)
2025-11-26 23:07:52,239 - __main__ - INFO - 
============================================================
2025-11-26 23:07:52,239 - __main__ - INFO - TRAINING DEMAND MODEL
2025-11-26 23:07:52,239 - __main__ - INFO - ============================================================
2025-11-26 23:07:52,242 - __main__ - INFO - 
📋 Feature Set (19 features):
2025-11-26 23:07:52,242 - __main__ - INFO -    1. hour
2025-11-26 23:07:52,242 - __main__ - INFO -    2. dayofweek
2025-11-26 23:07:52,242 - __main__ - INFO -    3. is_weekend
2025-11-26 23:07:52,242 - __main__ - INFO -    4. month
2025-11-26 23:07:52,242 - __main__ - INFO -    5. hour_sin
2025-11-26 23:07:52,242 - __main__ - INFO -    6. hour_cos
2025-11-26 23:07:52,242 - __main__ - INFO -    7. is_night
2025-11-26 23:07:52,242 - __main__ - INFO -    8. demand_kwh_lag_1
2025-11-26 23:07:52,243 - __main__ - INFO -    9. demand_kwh_lag_2
2025-11-26 23:07:52,243 - __main__ - INFO -    10. demand_kwh_lag_24
2025-11-26 23:07:52,243 - __main__ - INFO -    11. demand_kwh_lag_168
2025-11-26 23:07:52,243 - __main__ - INFO -    12. demand_kwh_roll_mean_12h
2025-11-26 23:07:52,243 - __main__ - INFO -    13. demand_kwh_roll_std_12h
2025-11-26 23:07:52,243 - __main__ - INFO -    14. demand_kwh_roll_mean_24h
2025-11-26 23:07:52,243 - __main__ - INFO -    15. demand_kwh_roll_std_24h
2025-11-26 23:07:52,243 - __main__ - INFO -    16. demand_kwh_roll_mean_168h
2025-11-26 23:07:52,243 - __main__ - INFO -    17. demand_kwh_roll_std_168h
2025-11-26 23:07:52,243 - __main__ - INFO -    18. temperature
2025-11-26 23:07:52,243 - __main__ - INFO -    19. temp_hour_interaction
2025-11-26 23:07:52,243 - __main__ - INFO - 
  🔍 Tuning hyperparameters for DEMAND...
2025-11-26 23:08:01,778 - __main__ - INFO -   ✓ Best CV MAE: 0.4212
2025-11-26 23:08:01,781 - __main__ - INFO -   ✓ Best params: {'subsample': 1.0, 'n_estimators': 1000, 'min_child_weight': 1, 'max_depth': 6, 'learning_rate': 0.03, 'gamma': 0.2, 'colsample_bytree': 0.8}
2025-11-26 23:08:01,781 - __main__ - INFO - 
============================================================
2025-11-26 23:08:01,781 - __main__ - INFO - EVALUATION: DEMAND MODEL
2025-11-26 23:08:01,781 - __main__ - INFO - ============================================================
2025-11-26 23:08:01,889 - __main__ - INFO - 
📊 Training Set:
2025-11-26 23:08:01,889 - __main__ - INFO -    MAE:  0.3300 kWh
2025-11-26 23:08:01,889 - __main__ - INFO -    RMSE: 0.4749 kWh
2025-11-26 23:08:01,889 - __main__ - INFO - 
📊 Test Set:
2025-11-26 23:08:01,889 - __main__ - INFO -    MAE:  0.3644 kWh
2025-11-26 23:08:01,889 - __main__ - INFO -    RMSE: 0.5172 kWh
2025-11-26 23:08:01,889 - __main__ - INFO -    MAPE: 5870127110.29%
2025-11-26 23:08:01,889 - __main__ - INFO - 
📈 Baseline Comparison:
2025-11-26 23:08:01,889 - __main__ - INFO -    Naive forecast MAE:    0.8058
2025-11-26 23:08:01,890 - __main__ - INFO -    Seasonal avg MAE:      0.6318
2025-11-26 23:08:01,890 - __main__ - INFO - 
✨ Model Improvement:
2025-11-26 23:08:01,890 - __main__ - INFO -    vs Naive:    +54.8%
2025-11-26 23:08:01,890 - __main__ - INFO -    vs Seasonal: +42.3%
2025-11-26 23:08:02,781 - __main__ - INFO -   ✓ Forecast visualization saved to forecast_demand.png
2025-11-26 23:08:03,317 - __main__ - INFO -   ✓ Feature importance saved to importance_demand.png
2025-11-26 23:08:03,317 - __main__ - INFO - 
  Top 5 Features for Demand:
2025-11-26 23:08:03,317 - __main__ - INFO -     1. demand_kwh_lag_1: 0.3655
2025-11-26 23:08:03,317 - __main__ - INFO -     2. is_night: 0.0757
2025-11-26 23:08:03,317 - __main__ - INFO -     3. demand_kwh_lag_168: 0.0736
2025-11-26 23:08:03,317 - __main__ - INFO -     4. hour_cos: 0.0678
2025-11-26 23:08:03,317 - __main__ - INFO -     5. demand_kwh_roll_std_12h: 0.0625
2025-11-26 23:08:03,317 - __main__ - INFO - 
============================================================
2025-11-26 23:08:03,317 - __main__ - INFO - TRAINING SOLAR MODEL
2025-11-26 23:08:03,317 - __main__ - INFO - ============================================================
2025-11-26 23:08:03,318 - __main__ - INFO - 
📋 Feature Set (7 features):
2025-11-26 23:08:03,318 - __main__ - INFO -    1. hour
2025-11-26 23:08:03,318 - __main__ - INFO -    2. month
2025-11-26 23:08:03,318 - __main__ - INFO -    3. hour_sin
2025-11-26 23:08:03,318 - __main__ - INFO -    4. hour_cos
2025-11-26 23:08:03,318 - __main__ - INFO -    5. dayofweek
2025-11-26 23:08:03,318 - __main__ - INFO -    6. is_weekend
2025-11-26 23:08:03,318 - __main__ - INFO -    7. is_night
2025-11-26 23:08:03,318 - __main__ - INFO - 
  🔍 Tuning hyperparameters for SOLAR...
2025-11-26 23:08:05,198 - __main__ - INFO -   ✓ Best CV MAE: 0.1595
2025-11-26 23:08:05,198 - __main__ - INFO -   ✓ Best params: {'subsample': 0.9, 'n_estimators': 500, 'min_child_weight': 3, 'max_depth': 6, 'learning_rate': 0.05, 'gamma': 0.2, 'colsample_bytree': 0.9}
2025-11-26 23:08:05,198 - __main__ - INFO - 
============================================================
2025-11-26 23:08:05,199 - __main__ - INFO - EVALUATION: SOLAR MODEL
2025-11-26 23:08:05,199 - __main__ - INFO - ============================================================
2025-11-26 23:08:05,231 - __main__ - INFO - 
📊 Training Set:
2025-11-26 23:08:05,231 - __main__ - INFO -    MAE:  0.1558 kWh
2025-11-26 23:08:05,231 - __main__ - INFO -    RMSE: 0.2981 kWh
2025-11-26 23:08:05,231 - __main__ - INFO - 
📊 Test Set:
2025-11-26 23:08:05,231 - __main__ - INFO -    MAE:  0.1661 kWh
2025-11-26 23:08:05,231 - __main__ - INFO -    RMSE: 0.3121 kWh
2025-11-26 23:08:05,231 - __main__ - INFO -    MAPE: 998875789.14%
2025-11-26 23:08:05,231 - __main__ - INFO - 
📈 Baseline Comparison:
2025-11-26 23:08:05,231 - __main__ - INFO -    Naive forecast MAE:    0.8892
2025-11-26 23:08:05,231 - __main__ - INFO -    Seasonal avg MAE:      0.1832
2025-11-26 23:08:05,231 - __main__ - INFO - 
✨ Model Improvement:
2025-11-26 23:08:05,231 - __main__ - INFO -    vs Naive:    +81.3%
2025-11-26 23:08:05,231 - __main__ - INFO -    vs Seasonal: +9.3%
2025-11-26 23:08:05,927 - __main__ - INFO -   ✓ Forecast visualization saved to forecast_solar.png
2025-11-26 23:08:06,392 - __main__ - INFO -   ✓ Feature importance saved to importance_solar.png
2025-11-26 23:08:06,392 - __main__ - INFO - 
  Top 5 Features for Solar:
2025-11-26 23:08:06,392 - __main__ - INFO -     1. hour_cos: 0.5020
2025-11-26 23:08:06,392 - __main__ - INFO -     2. is_night: 0.4377
2025-11-26 23:08:06,392 - __main__ - INFO -     3. hour: 0.0548
2025-11-26 23:08:06,392 - __main__ - INFO -     4. month: 0.0039
2025-11-26 23:08:06,392 - __main__ - INFO -     5. dayofweek: 0.0006
2025-11-26 23:08:06,392 - __main__ - INFO - 
============================================================
2025-11-26 23:08:06,392 - __main__ - INFO - SAVING MODELS
2025-11-26 23:08:06,392 - __main__ - INFO - ============================================================
2025-11-26 23:08:06,401 - __main__ - INFO - ✓ Demand model saved: demand_model_20251126_230806.pkl
2025-11-26 23:08:06,407 - __main__ - INFO - ✓ Solar model saved: solar_model_20251126_230806.pkl
2025-11-26 23:08:06,407 - __main__ - INFO - 
✅ All models saved successfully!
2025-11-26 23:08:06,407 - __main__ - INFO - 
============================================================
2025-11-26 23:08:06,407 - __main__ - INFO - 🎉 TRAINING COMPLETED SUCCESSFULLY!
2025-11-26 23:08:06,407 - __main__ - INFO - ============================================================
